android/app/build/intermediates/manifest_merge_blame_file/debug/manifest-merger-blame-debug-report.txt
1<?xml version="1.0" encoding="utf-8"?>
2<manifest xmlns:android="http://schemas.android.com/apk/res/android"
3    package="com.cartlabsmobileapp"
4    android:versionCode="1"
5    android:versionName="1.0" >
6
7    <uses-sdk
8        android:minSdkVersion="21"
9        android:targetSdkVersion="30" />
10
11    <uses-permission android:name="android.permission.SYSTEM_ALERT_WINDOW" />
11-->src/main/AndroidManifest.xml:5:3-75
11-->src/main/AndroidManifest.xml:5:20-73
12    <uses-permission android:name="android.permission.INTERNET" />
12-->src/main/AndroidManifest.xml:3:3-64
12-->src/main/AndroidManifest.xml:3:20-62
13    <uses-permission android:name="android.permission.READ_PHONE_STATE" />
13-->src/main/AndroidManifest.xml:6:3-72
13-->src/main/AndroidManifest.xml:6:20-70
14    <uses-permission android:name="android.permission.VIBRATE" />
14-->src/main/AndroidManifest.xml:7:3-63
14-->src/main/AndroidManifest.xml:7:20-61
15    <uses-permission android:name="android.permission.MODIFY_AUDIO_SETTINGS" /> <!-- These require runtime permissions on M -->
15-->src/main/AndroidManifest.xml:8:3-77
15-->src/main/AndroidManifest.xml:8:20-75
16    <uses-permission android:name="android.permission.READ_EXTERNAL_STORAGE" />
16-->src/main/AndroidManifest.xml:10:3-77
16-->src/main/AndroidManifest.xml:10:20-75
17    <uses-permission android:name="android.permission.WRITE_EXTERNAL_STORAGE" />
17-->src/main/AndroidManifest.xml:11:3-78
17-->src/main/AndroidManifest.xml:11:20-76
18    <uses-permission android:name="android.permission.ACCESS_WIFI_STATE" />
18-->[com.facebook.flipper:flipper:0.54.0] AndroidManifest.xml:16:5-76
18-->[com.facebook.flipper:flipper:0.54.0] AndroidManifest.xml:16:22-73
19    <uses-permission android:name="android.permission.ACCESS_NETWORK_STATE" />
19-->[:expo-updates] AndroidManifest.xml:11:5-79
19-->[:expo-updates] AndroidManifest.xml:11:22-76
20    <uses-permission android:name="com.google.android.finsky.permission.BIND_GET_INSTALL_REFERRER_SERVICE" />
20-->[com.android.installreferrer:installreferrer:1.0] AndroidManifest.xml:9:5-110
20-->[com.android.installreferrer:installreferrer:1.0] AndroidManifest.xml:9:22-107
21
22    <application
22-->src/main/AndroidManifest.xml:13:3-37:17
23        android:name="com.cartlabsmobileapp.MainApplication"
23-->src/main/AndroidManifest.xml:14:5-36
24        android:allowBackup="false"
24-->src/main/AndroidManifest.xml:18:5-32
25        android:appComponentFactory="androidx.core.app.CoreComponentFactory"
25-->[androidx.core:core:1.3.0] AndroidManifest.xml:24:18-86
26        android:debuggable="true"
27        android:icon="@mipmap/ic_launcher"
27-->src/main/AndroidManifest.xml:16:5-39
28        android:label="@string/app_name"
28-->src/main/AndroidManifest.xml:15:5-37
29        android:roundIcon="@mipmap/ic_launcher_round"
29-->src/main/AndroidManifest.xml:17:5-50
30        android:testOnly="true"
31        android:theme="@style/AppTheme"
31-->src/main/AndroidManifest.xml:19:5-36
32        android:usesCleartextTraffic="true" >
32-->src/debug/AndroidManifest.xml:6:18-53
33        <meta-data
33-->src/main/AndroidManifest.xml:21:5-103
34            android:name="expo.modules.updates.EXPO_UPDATE_URL"
34-->src/main/AndroidManifest.xml:21:16-67
35            android:value="YOUR-APP-URL-HERE" />
35-->src/main/AndroidManifest.xml:21:68-101
36        <meta-data
36-->src/main/AndroidManifest.xml:22:5-112
37            android:name="expo.modules.updates.EXPO_SDK_VERSION"
37-->src/main/AndroidManifest.xml:22:16-68
38            android:value="YOUR-APP-SDK-VERSION-HERE" />
38-->src/main/AndroidManifest.xml:22:69-110
39
40        <activity
40-->src/main/AndroidManifest.xml:23:5-35:16
41            android:name="com.cartlabsmobileapp.MainActivity"
41-->src/main/AndroidManifest.xml:24:7-35
42            android:configChanges="keyboard|keyboardHidden|orientation|screenSize|uiMode"
42-->src/main/AndroidManifest.xml:26:7-84
43            android:label="@string/app_name"
43-->src/main/AndroidManifest.xml:25:7-39
44            android:launchMode="singleTask"
44-->src/main/AndroidManifest.xml:27:7-38
45            android:theme="@style/Theme.App.SplashScreen"
45-->src/main/AndroidManifest.xml:29:7-52
46            android:windowSoftInputMode="adjustResize" >
46-->src/main/AndroidManifest.xml:28:7-49
47            <intent-filter>
47-->src/main/AndroidManifest.xml:31:7-34:23
48                <action android:name="android.intent.action.MAIN" />
48-->src/main/AndroidManifest.xml:32:9-60
48-->src/main/AndroidManifest.xml:32:17-58
49
50                <category android:name="android.intent.category.LAUNCHER" />
50-->src/main/AndroidManifest.xml:33:9-68
50-->src/main/AndroidManifest.xml:33:19-66
51            </intent-filter>
52        </activity>
53        <activity android:name="com.facebook.react.devsupport.DevSettingsActivity" />
53-->src/main/AndroidManifest.xml:36:5-81
53-->src/main/AndroidManifest.xml:36:15-79
54
55        <meta-data
55-->[:unimodules-react-native-adapter] AndroidManifest.xml:12:9-14:91
56            android:name="org.unimodules.core.AppLoader#react-native-headless"
56-->[:unimodules-react-native-adapter] AndroidManifest.xml:13:13-79
57            android:value="org.unimodules.adapters.react.apploader.RNHeadlessAppLoader" />
57-->[:unimodules-react-native-adapter] AndroidManifest.xml:14:13-88
58
59        <provider
59-->[:expo-file-system] AndroidManifest.xml:17:9-26:20
60            android:name="expo.modules.filesystem.FileSystemFileProvider"
60-->[:expo-file-system] AndroidManifest.xml:18:13-74
61            android:authorities="com.cartlabsmobileapp.FileSystemFileProvider"
61-->[:expo-file-system] AndroidManifest.xml:19:13-74
62            android:exported="false"
62-->[:expo-file-system] AndroidManifest.xml:20:13-37
63            android:grantUriPermissions="true" >
63-->[:expo-file-system] AndroidManifest.xml:21:13-47
64            <meta-data
64-->[:expo-file-system] AndroidManifest.xml:23:13-25:70
65                android:name="android.support.FILE_PROVIDER_PATHS"
65-->[:expo-file-system] AndroidManifest.xml:24:17-67
66                android:resource="@xml/file_system_provider_paths" />
66-->[:expo-file-system] AndroidManifest.xml:25:17-67
67        </provider>
68
69        <service
69-->[androidx.room:room-runtime:2.1.0] AndroidManifest.xml:25:9-27:40
70            android:name="androidx.room.MultiInstanceInvalidationService"
70-->[androidx.room:room-runtime:2.1.0] AndroidManifest.xml:26:13-74
71            android:exported="false" />
71-->[androidx.room:room-runtime:2.1.0] AndroidManifest.xml:27:13-37
72    </application>
73
74</manifest>